<?xml version="1.0" encoding="utf-8"?><testsuites name="pytest tests"><testsuite name="pytest" errors="0" failures="1" skipped="0" tests="6" time="2.151" timestamp="2026-07-02T03:42:46.847868+00:00" hostname="agent-env-c1c4ac4f-d7f4-45b2-98b3-9526c0f41283"><testcase classname="tests.test_requirements_smoke" name="test_health" time="0.986" /><testcase classname="tests.test_requirements_smoke" name="test_login" time="0.224" /><testcase classname="tests.test_requirements_smoke" name="test_auth_me" time="0.227" /><testcase classname="tests.test_requirements_smoke" name="test_catalog_symptoms" time="0.227" /><testcase classname="tests.test_requirements_smoke" name="test_journal_create_and_delete" time="0.227"><failure message="AssertionError: {&quot;detail&quot;:[{&quot;type&quot;:&quot;missing&quot;,&quot;loc&quot;:[&quot;body&quot;,&quot;text&quot;],&quot;msg&quot;:&quot;Field required&quot;,&quot;input&quot;:{&quot;content&quot;:&quot;reqs cleanup smoke test&quot;},&quot;url&quot;:&quot;https://errors.pydantic.dev/2.12/v/missing&quot;}]}&#10;assert 422 == 200&#10; +  where 422 = &lt;Response [422]&gt;.status_code">tests/test_requirements_smoke.py:60: in test_journal_create_and_delete
    assert r.status_code == 200, r.text
E   AssertionError: {"detail":[{"type":"missing","loc":["body","text"],"msg":"Field required","input":{"content":"reqs cleanup smoke test"},"url":"https://errors.pydantic.dev/2.12/v/missing"}]}
E   assert 422 == 200
E    +  where 422 = &lt;Response [422]&gt;.status_code</failure></testcase><testcase classname="tests.test_requirements_smoke" name="test_awards_progress" time="0.227" /></testsuite></testsuites>