<?xml version="1.0" encoding="utf-8"?><testsuites name="pytest tests"><testsuite name="pytest" errors="0" failures="0" skipped="0" tests="24" time="6.740" timestamp="2026-04-24T11:04:41.312401+00:00" hostname="agent-env-c1c4ac4f-d7f4-45b2-98b3-9526c0f41283"><testcase classname="tests.test_mindtrack_api" name="test_root" time="0.260" /><testcase classname="tests.test_mindtrack_api.TestAuth" name="test_register_returns_token_and_user" time="0.372" /><testcase classname="tests.test_mindtrack_api.TestAuth" name="test_register_duplicate" time="0.116" /><testcase classname="tests.test_mindtrack_api.TestAuth" name="test_register_short_password" time="0.139" /><testcase classname="tests.test_mindtrack_api.TestAuth" name="test_login_via_email" time="0.352" /><testcase classname="tests.test_mindtrack_api.TestAuth" name="test_login_via_username" time="0.369" /><testcase classname="tests.test_mindtrack_api.TestAuth" name="test_login_bad_password" time="0.420" /><testcase classname="tests.test_mindtrack_api.TestAuth" name="test_me_with_bearer" time="0.104" /><testcase classname="tests.test_mindtrack_api.TestAuth" name="test_me_unauth" time="0.098" /><testcase classname="tests.test_mindtrack_api.TestAuth" name="test_google_invalid_session" time="0.257" /><testcase classname="tests.test_mindtrack_api.TestDisordersAndCatalog" name="test_update_disorders" time="0.209" /><testcase classname="tests.test_mindtrack_api.TestDisordersAndCatalog" name="test_catalog_symptoms_filtered" time="0.114" /><testcase classname="tests.test_mindtrack_api.TestDisordersAndCatalog" name="test_catalog_assessment" time="0.120" /><testcase classname="tests.test_mindtrack_api.TestSymptomEnergy" name="test_log_symptoms" time="0.241" /><testcase classname="tests.test_mindtrack_api.TestSymptomEnergy" name="test_log_energy_valid" time="0.110" /><testcase classname="tests.test_mindtrack_api.TestSymptomEnergy" name="test_log_energy_invalid" time="0.160" /><testcase classname="tests.test_mindtrack_api.TestTasks" name="test_task_full_flow_and_anticheat" time="1.069" /><testcase classname="tests.test_mindtrack_api.TestJournal" name="test_create_update_delete_with_linked_symptoms" time="0.590" /><testcase classname="tests.test_mindtrack_api.TestAwards" name="test_progress_and_choice" time="0.334" /><testcase classname="tests.test_mindtrack_api.TestAwards" name="test_invalid_choice" time="0.118" /><testcase classname="tests.test_mindtrack_api.TestReport" name="test_send_report_mocked" time="0.139" /><testcase classname="tests.test_mindtrack_api.TestAdmin" name="test_admin_login_and_notices" time="0.438" /><testcase classname="tests.test_mindtrack_api.TestAdmin" name="test_non_admin_forbidden_notices" time="0.107" /><testcase classname="tests.test_mindtrack_api.TestAdmin" name="test_music_upload_admin_and_non_admin" time="0.455" /></testsuite></testsuites>