<?xml version="1.0" encoding="utf-8"?><testsuites name="pytest tests"><testsuite name="pytest" errors="0" failures="0" skipped="0" tests="16" time="3.722" timestamp="2026-07-01T05:23:17.797155+00:00" hostname="agent-env-c1c4ac4f-d7f4-45b2-98b3-9526c0f41283"><testcase classname="backend.tests.test_music_features.TestUserMusicUpload" name="test_01_upload_user_track" time="1.323" /><testcase classname="backend.tests.test_music_features.TestUserMusicUpload" name="test_02_list_music_includes_own_track" time="0.133" /><testcase classname="backend.tests.test_music_features.TestUserMusicUpload" name="test_03_get_track_data_as_owner" time="0.105" /><testcase classname="backend.tests.test_music_features.TestUserMusicUpload" name="test_04_upload_too_large_returns_413" time="0.492" /><testcase classname="backend.tests.test_music_features.TestUserMusicUpload" name="test_05_other_user_cannot_get_data" time="0.099" /><testcase classname="backend.tests.test_music_features.TestUserMusicUpload" name="test_06_other_user_list_does_not_include_track" time="0.100" /><testcase classname="backend.tests.test_music_features.TestUserMusicUpload" name="test_07_owner_can_delete_track" time="0.199" /><testcase classname="backend.tests.test_music_features.TestUserMusicUpload" name="test_08_non_admin_cannot_delete_admin_track" time="0.203" /><testcase classname="backend.tests.test_music_features.TestMusicRequests" name="test_09_create_request_as_user" time="0.110" /><testcase classname="backend.tests.test_music_features.TestMusicRequests" name="test_10_list_mine_includes_pending" time="0.133" /><testcase classname="backend.tests.test_music_features.TestMusicRequests" name="test_11_non_admin_cannot_list_all" time="0.097" /><testcase classname="backend.tests.test_music_features.TestMusicRequests" name="test_12_admin_can_list_all" time="0.144" /><testcase classname="backend.tests.test_music_features.TestMusicRequests" name="test_13_admin_patch_request" time="0.101" /><testcase classname="backend.tests.test_music_features.TestMusicRequests" name="test_14_user_sees_fulfilled_status" time="0.100" /><testcase classname="backend.tests.test_music_features.TestMusicRequests" name="test_15_user_deletes_own_request" time="0.238" /><testcase classname="backend.tests.test_music_features.TestMusicRequests" name="test_16_empty_message_rejected" time="0.100" /></testsuite></testsuites>