<?xml version="1.0" encoding="utf-8"?><testsuites name="pytest tests"><testsuite name="pytest" errors="0" failures="0" skipped="0" tests="11" time="1.968" timestamp="2026-07-01T04:16:59.942121+00:00" hostname="agent-env-c1c4ac4f-d7f4-45b2-98b3-9526c0f41283"><testcase classname="backend.tests.test_prizes_toy_surprise.TestPrizeOptionsCategories" name="test_1_toy_surprise_ok" time="0.523" /><testcase classname="backend.tests.test_prizes_toy_surprise.TestPrizeOptionsCategories" name="test_2_giftcard_rejected" time="0.094" /><testcase classname="backend.tests.test_prizes_toy_surprise.TestPrizeOptionsCategories" name="test_3_flowers_ok" time="0.103" /><testcase classname="backend.tests.test_prizes_toy_surprise.TestPrizeOptionsCategories" name="test_4_candy_ok" time="0.105" /><testcase classname="backend.tests.test_prizes_toy_surprise.TestPrizeOptionsCategories" name="test_5_treasure_chest_ok" time="0.150" /><testcase classname="backend.tests.test_prizes_toy_surprise.TestCreateAndListToySurprise" name="test_6a_admin_create_option" time="0.115" /><testcase classname="backend.tests.test_prizes_toy_surprise.TestCreateAndListToySurprise" name="test_6b_verify_option_appears_in_list" time="0.095" /><testcase classname="backend.tests.test_prizes_toy_surprise.TestUserAwardChoiceToySurprise" name="test_7a_user_choose_toy_surprise" time="0.443" /><testcase classname="backend.tests.test_prizes_toy_surprise.TestUserAwardChoiceToySurprise" name="test_7b_progress_reflects_toy_surprise" time="0.101" /><testcase classname="backend.tests.test_prizes_toy_surprise.TestBackendLogsForMigrationErrors" name="test_8_no_migration_errors" time="0.004" /><testcase classname="backend.tests.test_prizes_toy_surprise.TestCleanupDeleteOption" name="test_9_admin_delete_option" time="0.198" /></testsuite></testsuites>