<?xml version="1.0" encoding="utf-8"?><testsuites name="pytest tests"><testsuite name="pytest" errors="0" failures="0" skipped="0" tests="15" time="0.362" timestamp="2026-07-02T03:32:58.703301+00:00" hostname="agent-env-c1c4ac4f-d7f4-45b2-98b3-9526c0f41283"><testcase classname="backend.tests.test_cors.TestCORSAllowlist" name="test_1_allowed_prod_apex" time="0.011" /><testcase classname="backend.tests.test_cors.TestCORSAllowlist" name="test_2_allowed_prod_www" time="0.010" /><testcase classname="backend.tests.test_cors.TestCORSAllowlist" name="test_3_allowed_regex_emergent" time="0.010" /><testcase classname="backend.tests.test_cors.TestCORSAllowlist" name="test_4_allowed_regex_mindtrack_sub" time="0.009" /><testcase classname="backend.tests.test_cors.TestCORSAllowlist" name="test_5_allowed_local_dev" time="0.010" /><testcase classname="backend.tests.test_cors.TestCORSAllowlist" name="test_6_blocked_random_domain" time="0.009" /><testcase classname="backend.tests.test_cors.TestCORSAllowlist" name="test_7_blocked_http_apex" time="0.009" /><testcase classname="backend.tests.test_cors.TestCORSAllowlist" name="test_8_preflight_allowed_origin" time="0.009" /><testcase classname="backend.tests.test_cors.TestCORSAllowlist" name="test_9_preflight_blocked_origin" time="0.010" /><testcase classname="backend.tests.test_cors.TestRegression" name="test_10_health_no_origin" time="0.003" /><testcase classname="backend.tests.test_cors.TestRegression" name="test_11_login_admin" time="0.224" /><testcase classname="backend.tests.test_cors.TestRegression" name="test_12_auth_me" time="0.003" /><testcase classname="backend.tests.test_cors.TestRegression" name="test_13_catalog_symptoms" time="0.002" /><testcase classname="backend.tests.test_cors.TestRegression" name="test_14_music_request_roundtrip" time="0.005" /><testcase classname="backend.tests.test_cors" name="test_15_env_vars_read_from_os_environ" time="0.000" /></testsuite></testsuites>